*** Using Compiler 'V5.06 update 7 (build 960)', folder: 'D:\Keil_v5\ARM\ARMCC\Bin'
Build target 'standard_tpye_c'
compiling usb_task.c...
..\application\usb_task.c(60): error:  #8: missing closing quote
  "******************************\r\n\
..\application\usb_task.c(62): error:  #18: expected a ")"
  DBUS:%s\r\n\
..\application\usb_task.c(62): error:  #7: unrecognized token
  DBUS:%s\r\n\
..\application\usb_task.c(62): error:  #7: unrecognized token
  DBUS:%s\r\n\
..\application\usb_task.c(63): error:  #7: unrecognized token
  chassis motor1:%s\r\n\
..\application\usb_task.c(63): error:  #7: unrecognized token
  chassis motor1:%s\r\n\
..\application\usb_task.c(64): error:  #7: unrecognized token
  chassis motor2:%s\r\n\
..\application\usb_task.c(64): error:  #7: unrecognized token
  chassis motor2:%s\r\n\
..\application\usb_task.c(65): error:  #7: unrecognized token
  chassis motor3:%s\r\n\
..\application\usb_task.c(65): error:  #7: unrecognized token
  chassis motor3:%s\r\n\
..\application\usb_task.c(66): error:  #7: unrecognized token
  chassis motor4:%s\r\n\
..\application\usb_task.c(66): error:  #7: unrecognized token
  chassis motor4:%s\r\n\
..\application\usb_task.c(67): error:  #7: unrecognized token
  yaw motor:%s\r\n\
..\application\usb_task.c(67): error:  #7: unrecognized token
  yaw motor:%s\r\n\
..\application\usb_task.c(68): error:  #7: unrecognized token
  pitch motor:%s\r\n\
..\application\usb_task.c(68): error:  #7: unrecognized token
  pitch motor:%s\r\n\
..\application\usb_task.c(69): error:  #7: unrecognized token
  trigger motor:%s\r\n\
..\application\usb_task.c(69): error:  #7: unrecognized token
  trigger motor:%s\r\n\
..\application\usb_task.c(70): error:  #7: unrecognized token
  gyro sensor:%s\r\n\
..\application\usb_task.c(70): error:  #7: unrecognized token
  gyro sensor:%s\r\n\
..\application\usb_task.c(71): error:  #7: unrecognized token
  accel sensor:%s\r\n\
..\application\usb_task.c(71): error:  #7: unrecognized token
  accel sensor:%s\r\n\
..\application\usb_task.c(72): error:  #7: unrecognized token
  mag sensor:%s\r\n\
..\application\usb_task.c(72): error:  #7: unrecognized token
  mag sensor:%s\r\n\
..\application\usb_task.c(73): error:  #7: unrecognized token
  referee usart:%s\r\n\
..\application\usb_task.c(73): error:  #7: unrecognized token
  referee usart:%s\r\n\
..\application\usb_task.c(74): error:  #7: unrecognized token
  dis_to_right:%hu\r\n\
..\application\usb_task.c(74): error:  #7: unrecognized token
  dis_to_right:%hu\r\n\
..\application\usb_task.c(75): error:  #7: unrecognized token
  dis_to_left:%hu\r\n\
..\application\usb_task.c(75): error:  #7: unrecognized token
  dis_to_left:%hu\r\n\
..\application\usb_task.c: 0 warnings, 30 errors
"standard_tpye_c\standard_tpye_c.axf" - 30 Error(s), 0 Warning(s).
Target not created.
Build Time Elapsed:  00:00:02
